Determining if the pthread_create exist failed with the following output:
Change Dir: /home/maxime/Projets/jalon03/build/CMakeFiles/CMakeTmp

Run Build Command:/usr/bin/make "cmTryCompileExec1893263678/fast"
/usr/bin/make -f CMakeFiles/cmTryCompileExec1893263678.dir/build.make CMakeFiles/cmTryCompileExec1893263678.dir/build
make[1]: entrant dans le répertoire « /home/maxime/Projets/jalon03/build/CMakeFiles/CMakeTmp »
/usr/bin/cmake -E cmake_progress_report /home/maxime/Projets/jalon03/build/CMakeFiles/CMakeTmp/CMakeFiles 1
Building C object CMakeFiles/cmTryCompileExec1893263678.dir/CheckSymbolExists.c.o
/usr/bin/gcc    -o CMakeFiles/cmTryCompileExec1893263678.dir/CheckSymbolExists.c.o   -c /home/maxime/Projets/jalon03/build/CMakeFiles/CMakeTmp/CheckSymbolExists.c
Linking C executable cmTryCompileExec1893263678
/usr/bin/cmake -E cmake_link_script CMakeFiles/cmTryCompileExec1893263678.dir/link.txt --verbose=1
/usr/bin/gcc         CMakeFiles/cmTryCompileExec1893263678.dir/CheckSymbolExists.c.o  -o cmTryCompileExec1893263678 -rdynamic 
CMakeFiles/cmTryCompileExec1893263678.dir/CheckSymbolExists.c.o: In function `main':
CheckSymbolExists.c:(.text+0xa): undefined reference to `pthread_create'
collect2: error: ld returned 1 exit status
make[1]: quittant le répertoire « /home/maxime/Projets/jalon03/build/CMakeFiles/CMakeTmp »
make[1]: *** [cmTryCompileExec1893263678] Erreur 1
make: *** [cmTryCompileExec1893263678/fast] Erreur 2

File /home/maxime/Projets/jalon03/build/CMakeFiles/CMakeTmp/CheckSymbolExists.c:
/* */
#include <pthread.h>

int main(int argc, char** argv)
{
  (void)argv;
#ifndef pthread_create
  return ((int*)(&pthread_create))[argc];
#else
  (void)argc;
  return 0;
#endif
}

Determining if the function pthread_create exists in the pthreads failed with the following output:
Change Dir: /home/maxime/Projets/jalon03/build/CMakeFiles/CMakeTmp

Run Build Command:/usr/bin/make "cmTryCompileExec2168055370/fast"
/usr/bin/make -f CMakeFiles/cmTryCompileExec2168055370.dir/build.make CMakeFiles/cmTryCompileExec2168055370.dir/build
make[1]: entrant dans le répertoire « /home/maxime/Projets/jalon03/build/CMakeFiles/CMakeTmp »
/usr/bin/cmake -E cmake_progress_report /home/maxime/Projets/jalon03/build/CMakeFiles/CMakeTmp/CMakeFiles 1
Building C object CMakeFiles/cmTryCompileExec2168055370.dir/CheckFunctionExists.c.o
/usr/bin/gcc   -DCHECK_FUNCTION_EXISTS=pthread_create   -o CMakeFiles/cmTryCompileExec2168055370.dir/CheckFunctionExists.c.o   -c /usr/share/cmake-2.8/Modules/CheckFunctionExists.c
Linking C executable cmTryCompileExec2168055370
/usr/bin/cmake -E cmake_link_script CMakeFiles/cmTryCompileExec2168055370.dir/link.txt --verbose=1
/usr/bin/gcc     -DCHECK_FUNCTION_EXISTS=pthread_create    CMakeFiles/cmTryCompileExec2168055370.dir/CheckFunctionExists.c.o  -o cmTryCompileExec2168055370 -rdynamic -lpthreads 
/usr/bin/ld: cannot find -lpthreads
collect2: error: ld returned 1 exit status
make[1]: *** [cmTryCompileExec2168055370] Erreur 1
make[1]: quittant le répertoire « /home/maxime/Projets/jalon03/build/CMakeFiles/CMakeTmp »
make: *** [cmTryCompileExec2168055370/fast] Erreur 2


